
*** Running vivado
    with args -log Behavioral.vds -m64 -product Vivado -mode batch -messageDb vivado.pb -notrace -source Behavioral.tcl


ECHO disattivato.
ECHO disattivato.

****** Vivado v2023.1 (64-bit)
  **** SW Build 3865809 on Sun May  7 15:05:29 MDT 2023
  **** IP Build 3864474 on Sun May  7 20:36:21 MDT 2023
  **** SharedData Build 3865790 on Sun May 07 13:33:03 MDT 2023
    ** Copyright 1986-2022 Xilinx, Inc. All Rights Reserved.
    ** Copyright 2022-2023 Advanced Micro Devices, Inc. All Rights Reserved.

source Behavioral.tcl -notrace
create_project: Time (s): cpu = 00:00:07 ; elapsed = 00:00:09 . Memory (MB): peak = 494.477 ; gain = 219.707
Command: read_checkpoint -auto_incremental -incremental C:/Users/ladyc/Desktop/ASDI/Progetto_ASDI/Shift_register_bidirezionale/Shift_register_bidirezionale.srcs/utils_1/imports/synth_1/Behavioral.dcp
INFO: [Vivado 12-5825] Read reference checkpoint from C:/Users/ladyc/Desktop/ASDI/Progetto_ASDI/Shift_register_bidirezionale/Shift_register_bidirezionale.srcs/utils_1/imports/synth_1/Behavioral.dcp for incremental synthesis
INFO: [Vivado 12-7989] Please ensure there are no constraint changes
Command: synth_design -top Behavioral -part xc7a12ticsg325-1L
Starting synth_design
Attempting to get a license for feature 'Synthesis' and/or device 'xc7a12ti'
INFO: [Common 17-349] Got license for feature 'Synthesis' and/or device 'xc7a12ti'
INFO: [Designutils 20-5440] No compile time benefit to using incremental synthesis; A full resynthesis will be run
INFO: [Designutils 20-4379] Flow is switching to default flow due to incremental criteria not met. If you would like to alter this behaviour and have the flow terminate instead, please set the following parameter config_implementation {autoIncr.Synth.RejectBehavior Terminate}
INFO: [Synth 8-7079] Multithreading enabled for synth_design using a maximum of 2 processes.
INFO: [Synth 8-7078] Launching helper process for spawning children vivado processes
INFO: [Synth 8-7075] Helper process launched with PID 27352
---------------------------------------------------------------------------------
Starting Synthesize : Time (s): cpu = 00:00:03 ; elapsed = 00:00:04 . Memory (MB): peak = 932.496 ; gain = 406.648
---------------------------------------------------------------------------------
INFO: [Synth 8-638] synthesizing module 'Behavioral' [C:/Users/ladyc/Desktop/ASDI/Progetto_ASDI/Shift_register_bidirezionale/Shift_register_bidirezionale.srcs/sources_1/new/Behavioral.vhd:48]
INFO: [Synth 8-226] default block is never used [C:/Users/ladyc/Desktop/ASDI/Progetto_ASDI/Shift_register_bidirezionale/Shift_register_bidirezionale.srcs/sources_1/new/Behavioral.vhd:65]
INFO: [Synth 8-256] done synthesizing module 'Behavioral' (0#1) [C:/Users/ladyc/Desktop/ASDI/Progetto_ASDI/Shift_register_bidirezionale/Shift_register_bidirezionale.srcs/sources_1/new/Behavioral.vhd:48]
---------------------------------------------------------------------------------
Finished Synthesize : Time (s): cpu = 00:00:04 ; elapsed = 00:00:05 . Memory (MB): peak = 1022.227 ; gain = 496.379
---------------------------------------------------------------------------------
---------------------------------------------------------------------------------
Finished Constraint Validation : Time (s): cpu = 00:00:04 ; elapsed = 00:00:05 . Memory (MB): peak = 1022.227 ; gain = 496.379
---------------------------------------------------------------------------------
---------------------------------------------------------------------------------
Start Loading Part and Timing Information
---------------------------------------------------------------------------------
Loading part: xc7a12ticsg325-1L
---------------------------------------------------------------------------------
Finished Loading Part and Timing Information : Time (s): cpu = 00:00:04 ; elapsed = 00:00:05 . Memory (MB): peak = 1022.227 ; gain = 496.379
---------------------------------------------------------------------------------
INFO: [Device 21-403] Loading part xc7a12ticsg325-1L
---------------------------------------------------------------------------------
Finished RTL Optimization Phase 2 : Time (s): cpu = 00:00:04 ; elapsed = 00:00:05 . Memory (MB): peak = 1022.227 ; gain = 496.379
---------------------------------------------------------------------------------
No constraint files found.
---------------------------------------------------------------------------------
Start RTL Component Statistics 
---------------------------------------------------------------------------------
Detailed RTL Component Info : 
+---Registers : 
	                8 Bit    Registers := 1     
+---Muxes : 
	   4 Input    8 Bit        Muxes := 1     
	   2 Input    8 Bit        Muxes := 1     
---------------------------------------------------------------------------------
Finished RTL Component Statistics 
---------------------------------------------------------------------------------
---------------------------------------------------------------------------------
Start Part Resource Summary
---------------------------------------------------------------------------------
Part Resources:
DSPs: 40 (col length:40)
BRAMs: 40 (col length: RAMB18 40 RAMB36 20)
---------------------------------------------------------------------------------
Finished Part Resource Summary
---------------------------------------------------------------------------------
No constraint files found.
---------------------------------------------------------------------------------
Start Cross Boundary and Area Optimization
---------------------------------------------------------------------------------
WARNING: [Synth 8-7080] Parallel synthesis criteria is not met
---------------------------------------------------------------------------------
Finished Cross Boundary and Area Optimization : Time (s): cpu = 00:00:07 ; elapsed = 00:00:10 . Memory (MB): peak = 1200.852 ; gain = 675.004
---------------------------------------------------------------------------------
No constraint files found.
---------------------------------------------------------------------------------
Start Timing Optimization
---------------------------------------------------------------------------------
---------------------------------------------------------------------------------
Finished Timing Optimization : Time (s): cpu = 00:00:08 ; elapsed = 00:00:10 . Memory (MB): peak = 1200.852 ; gain = 675.004
---------------------------------------------------------------------------------
---------------------------------------------------------------------------------
Start Technology Mapping
---------------------------------------------------------------------------------
---------------------------------------------------------------------------------
Finished Technology Mapping : Time (s): cpu = 00:00:08 ; elapsed = 00:00:10 . Memory (MB): peak = 1200.852 ; gain = 675.004
---------------------------------------------------------------------------------
---------------------------------------------------------------------------------
Start IO Insertion
---------------------------------------------------------------------------------
---------------------------------------------------------------------------------
Start Flattening Before IO Insertion
---------------------------------------------------------------------------------
---------------------------------------------------------------------------------
Finished Flattening Before IO Insertion
---------------------------------------------------------------------------------
---------------------------------------------------------------------------------
Start Final Netlist Cleanup
---------------------------------------------------------------------------------
---------------------------------------------------------------------------------
Finished Final Netlist Cleanup
---------------------------------------------------------------------------------
---------------------------------------------------------------------------------
Finished IO Insertion : Time (s): cpu = 00:00:10 ; elapsed = 00:00:13 . Memory (MB): peak = 1201.781 ; gain = 675.934
---------------------------------------------------------------------------------
---------------------------------------------------------------------------------
Start Renaming Generated Instances
---------------------------------------------------------------------------------
---------------------------------------------------------------------------------
Finished Renaming Generated Instances : Time (s): cpu = 00:00:10 ; elapsed = 00:00:13 . Memory (MB): peak = 1201.781 ; gain = 675.934
---------------------------------------------------------------------------------
---------------------------------------------------------------------------------
Start Rebuilding User Hierarchy
---------------------------------------------------------------------------------
---------------------------------------------------------------------------------
Finished Rebuilding User Hierarchy : Time (s): cpu = 00:00:10 ; elapsed = 00:00:13 . Memory (MB): peak = 1201.781 ; gain = 675.934
---------------------------------------------------------------------------------
---------------------------------------------------------------------------------
Start Renaming Generated Ports
---------------------------------------------------------------------------------
---------------------------------------------------------------------------------
Finished Renaming Generated Ports : Time (s): cpu = 00:00:10 ; elapsed = 00:00:13 . Memory (MB): peak = 1201.781 ; gain = 675.934
---------------------------------------------------------------------------------
---------------------------------------------------------------------------------
Start Handling Custom Attributes
---------------------------------------------------------------------------------
---------------------------------------------------------------------------------
Finished Handling Custom Attributes : Time (s): cpu = 00:00:10 ; elapsed = 00:00:13 . Memory (MB): peak = 1201.781 ; gain = 675.934
---------------------------------------------------------------------------------
---------------------------------------------------------------------------------
Start Renaming Generated Nets
---------------------------------------------------------------------------------
---------------------------------------------------------------------------------
Finished Renaming Generated Nets : Time (s): cpu = 00:00:10 ; elapsed = 00:00:13 . Memory (MB): peak = 1201.781 ; gain = 675.934
---------------------------------------------------------------------------------
---------------------------------------------------------------------------------
Start Writing Synthesis Report
---------------------------------------------------------------------------------

Report BlackBoxes: 
+-+--------------+----------+
| |BlackBox name |Instances |
+-+--------------+----------+
+-+--------------+----------+

Report Cell Usage: 
+------+-----+------+
|      |Cell |Count |
+------+-----+------+
|1     |BUFG |     1|
|2     |LUT3 |     6|
|3     |LUT5 |     2|
|4     |LUT6 |     6|
|5     |FDRE |     8|
|6     |IBUF |    13|
|7     |OBUF |     8|
+------+-----+------+

Report Instance Areas: 
+------+---------+-------+------+
|      |Instance |Module |Cells |
+------+---------+-------+------+
|1     |top      |       |    44|
+------+---------+-------+------+
---------------------------------------------------------------------------------
Finished Writing Synthesis Report : Time (s): cpu = 00:00:10 ; elapsed = 00:00:13 . Memory (MB): peak = 1201.781 ; gain = 675.934
---------------------------------------------------------------------------------
Synthesis finished with 0 errors, 0 critical warnings and 1 warnings.
Synthesis Optimization Runtime : Time (s): cpu = 00:00:10 ; elapsed = 00:00:13 . Memory (MB): peak = 1201.781 ; gain = 675.934
Synthesis Optimization Complete : Time (s): cpu = 00:00:10 ; elapsed = 00:00:13 . Memory (MB): peak = 1201.781 ; gain = 675.934
INFO: [Project 1-571] Translating synthesized netlist
Netlist sorting complete. Time (s): cpu = 00:00:00 ; elapsed = 00:00:00 . Memory (MB): peak = 1213.832 ; gain = 0.000
INFO: [Project 1-570] Preparing netlist for logic optimization
INFO: [Opt 31-138] Pushed 0 inverter(s) to 0 load pin(s).
Netlist sorting complete. Time (s): cpu = 00:00:00 ; elapsed = 00:00:00 . Memory (MB): peak = 1305.473 ; gain = 0.000
INFO: [Project 1-111] Unisim Transformation Summary:
No Unisim elements were transformed.

Synth Design complete | Checksum: 1d570e54
INFO: [Common 17-83] Releasing license: Synthesis
17 Infos, 1 Warnings, 0 Critical Warnings and 0 Errors encountered.
synth_design completed successfully
synth_design: Time (s): cpu = 00:00:12 ; elapsed = 00:00:14 . Memory (MB): peak = 1305.473 ; gain = 787.137
INFO: [Common 17-1381] The checkpoint 'C:/Users/ladyc/Desktop/ASDI/Progetto_ASDI/Shift_register_bidirezionale/Shift_register_bidirezionale.runs/synth_1/Behavioral.dcp' has been generated.
INFO: [runtcl-4] Executing : report_utilization -file Behavioral_utilization_synth.rpt -pb Behavioral_utilization_synth.pb
INFO: [Common 17-206] Exiting Vivado at Mon Jan 27 22:08:25 2025...
