Vivado Simulator v2023.1
Copyright 1986-2022 Xilinx, Inc. All Rights Reserved.
Copyright 2022-2023 Advanced Micro Devices, Inc. All Rights Reserved.
Running: C:/Xilinx/Vivado/2023.1/bin/unwrapped/win64.o/xelab.exe --incr --debug typical --relax --mt 2 --maxdelay -L xil_defaultlib -L simprims_ver -L secureip --snapshot mux_16_1_tb_time_impl -transport_int_delays -pulse_r 0 -pulse_int_r 0 -pulse_e 0 -pulse_int_e 0 xil_defaultlib.mux_16_1_tb xil_defaultlib.glbl -log elaborate.log 
Using 2 slave threads.
Starting static elaboration
Pass Through NonSizing Optimizer
Completed static elaboration
Starting simulation data flow analysis
Completed simulation data flow analysis
INFO: [XSIM 43-3451] SDF backannotation process started with SDF file "mux_16_1_tb_time_impl.sdf", for root module "mux_16_1_tb/uut".
INFO: [XSIM 43-3452] SDF backannotation was successful for SDF file "mux_16_1_tb_time_impl.sdf", for root module "mux_16_1_tb/uut".
Time Resolution for simulation is 1ps
Compiling package std.standard
Compiling package std.textio
Compiling package ieee.std_logic_1164
Compiling package ieee.numeric_std
Compiling package vl.vl_types
Compiling module xil_defaultlib.glbl
Compiling module simprims_ver.IBUF
Compiling module simprims_ver.OBUF
Compiling module simprims_ver.MUXF8
Compiling module simprims_ver.MUXF7
Compiling module simprims_ver.LUT6
Compiling module xil_defaultlib.mux_16_1
Compiling architecture bench of entity xil_defaultlib.mux_16_1_tb
Built simulation snapshot mux_16_1_tb_time_impl
