
*** Running vivado
    with args -log RICONOSCITORE_DI_SEQ.vds -m64 -product Vivado -mode batch -messageDb vivado.pb -notrace -source RICONOSCITORE_DI_SEQ.tcl


ECHO disattivato.
ECHO disattivato.

****** Vivado v2023.1 (64-bit)
  **** SW Build 3865809 on Sun May  7 15:05:29 MDT 2023
  **** IP Build 3864474 on Sun May  7 20:36:21 MDT 2023
  **** SharedData Build 3865790 on Sun May 07 13:33:03 MDT 2023
    ** Copyright 1986-2022 Xilinx, Inc. All Rights Reserved.
    ** Copyright 2022-2023 Advanced Micro Devices, Inc. All Rights Reserved.

source RICONOSCITORE_DI_SEQ.tcl -notrace
create_project: Time (s): cpu = 00:00:04 ; elapsed = 00:00:12 . Memory (MB): peak = 495.582 ; gain = 220.379
Command: read_checkpoint -auto_incremental -incremental {C:/Users/ladyc/Desktop/ASDI/VIVADO-PROJECTS/Riconoscitore di Sequenza/Riconoscitore di Sequenza.srcs/utils_1/imports/synth_1/RICONOSCITORE_DI_SEQ.dcp}
INFO: [Vivado 12-5825] Read reference checkpoint from C:/Users/ladyc/Desktop/ASDI/VIVADO-PROJECTS/Riconoscitore di Sequenza/Riconoscitore di Sequenza.srcs/utils_1/imports/synth_1/RICONOSCITORE_DI_SEQ.dcp for incremental synthesis
INFO: [Vivado 12-7989] Please ensure there are no constraint changes
Command: synth_design -top RICONOSCITORE_DI_SEQ -part xc7a12ticsg325-1L
Starting synth_design
Attempting to get a license for feature 'Synthesis' and/or device 'xc7a12ti'
INFO: [Common 17-349] Got license for feature 'Synthesis' and/or device 'xc7a12ti'
INFO: [Designutils 20-5440] No compile time benefit to using incremental synthesis; A full resynthesis will be run
INFO: [Designutils 20-4379] Flow is switching to default flow due to incremental criteria not met. If you would like to alter this behaviour and have the flow terminate instead, please set the following parameter config_implementation {autoIncr.Synth.RejectBehavior Terminate}
INFO: [Synth 8-7079] Multithreading enabled for synth_design using a maximum of 2 processes.
INFO: [Synth 8-7078] Launching helper process for spawning children vivado processes
INFO: [Synth 8-7075] Helper process launched with PID 37428
---------------------------------------------------------------------------------
Starting Synthesize : Time (s): cpu = 00:00:03 ; elapsed = 00:00:07 . Memory (MB): peak = 932.480 ; gain = 406.496
---------------------------------------------------------------------------------
INFO: [Synth 8-638] synthesizing module 'RICONOSCITORE_DI_SEQ' [C:/Users/ladyc/Desktop/ASDI/VIVADO-PROJECTS/Riconoscitore di Sequenza/Riconoscitore di Sequenza.srcs/sources_1/new/RICONOSCITORE_DI_SEQ.vhd:44]
INFO: [Synth 8-256] done synthesizing module 'RICONOSCITORE_DI_SEQ' (0#1) [C:/Users/ladyc/Desktop/ASDI/VIVADO-PROJECTS/Riconoscitore di Sequenza/Riconoscitore di Sequenza.srcs/sources_1/new/RICONOSCITORE_DI_SEQ.vhd:44]
---------------------------------------------------------------------------------
Finished Synthesize : Time (s): cpu = 00:00:04 ; elapsed = 00:00:08 . Memory (MB): peak = 1022.559 ; gain = 496.574
---------------------------------------------------------------------------------
---------------------------------------------------------------------------------
Finished Constraint Validation : Time (s): cpu = 00:00:04 ; elapsed = 00:00:09 . Memory (MB): peak = 1022.559 ; gain = 496.574
---------------------------------------------------------------------------------
---------------------------------------------------------------------------------
Start Loading Part and Timing Information
---------------------------------------------------------------------------------
Loading part: xc7a12ticsg325-1L
---------------------------------------------------------------------------------
Finished Loading Part and Timing Information : Time (s): cpu = 00:00:04 ; elapsed = 00:00:09 . Memory (MB): peak = 1022.559 ; gain = 496.574
---------------------------------------------------------------------------------
INFO: [Device 21-403] Loading part xc7a12ticsg325-1L
INFO: [Synth 8-802] inferred FSM for state register 'stato_corrente_reg' in module 'RICONOSCITORE_DI_SEQ'
---------------------------------------------------------------------------------------------------
                   State |                     New Encoding |                Previous Encoding 
---------------------------------------------------------------------------------------------------
                      s0 |                        000000001 |                             0000
                      s1 |                        000000010 |                             0001
                      s2 |                        000000100 |                             0010
                      s3 |                        000001000 |                             0011
                      s4 |                        000010000 |                             0100
                      s5 |                        000100000 |                             0101
                      s6 |                        001000000 |                             0110
                      s7 |                        010000000 |                             0111
                      s8 |                        100000000 |                             1000
---------------------------------------------------------------------------------------------------
INFO: [Synth 8-3354] encoded FSM with state register 'stato_corrente_reg' using encoding 'one-hot' in module 'RICONOSCITORE_DI_SEQ'
---------------------------------------------------------------------------------
Finished RTL Optimization Phase 2 : Time (s): cpu = 00:00:04 ; elapsed = 00:00:09 . Memory (MB): peak = 1022.559 ; gain = 496.574
---------------------------------------------------------------------------------
No constraint files found.
---------------------------------------------------------------------------------
Start RTL Component Statistics 
---------------------------------------------------------------------------------
Detailed RTL Component Info : 
+---Muxes : 
	   9 Input    9 Bit        Muxes := 1     
	   2 Input    9 Bit        Muxes := 5     
	   9 Input    4 Bit        Muxes := 1     
	   9 Input    1 Bit        Muxes := 1     
---------------------------------------------------------------------------------
Finished RTL Component Statistics 
---------------------------------------------------------------------------------
---------------------------------------------------------------------------------
Start Part Resource Summary
---------------------------------------------------------------------------------
Part Resources:
DSPs: 40 (col length:40)
BRAMs: 40 (col length: RAMB18 40 RAMB36 20)
---------------------------------------------------------------------------------
Finished Part Resource Summary
---------------------------------------------------------------------------------
No constraint files found.
---------------------------------------------------------------------------------
Start Cross Boundary and Area Optimization
---------------------------------------------------------------------------------
WARNING: [Synth 8-7080] Parallel synthesis criteria is not met
---------------------------------------------------------------------------------
Finished Cross Boundary and Area Optimization : Time (s): cpu = 00:00:07 ; elapsed = 00:00:16 . Memory (MB): peak = 1204.621 ; gain = 678.637
---------------------------------------------------------------------------------
No constraint files found.
---------------------------------------------------------------------------------
Start Timing Optimization
---------------------------------------------------------------------------------
---------------------------------------------------------------------------------
Finished Timing Optimization : Time (s): cpu = 00:00:07 ; elapsed = 00:00:16 . Memory (MB): peak = 1204.621 ; gain = 678.637
---------------------------------------------------------------------------------
---------------------------------------------------------------------------------
Start Technology Mapping
---------------------------------------------------------------------------------
---------------------------------------------------------------------------------
Finished Technology Mapping : Time (s): cpu = 00:00:07 ; elapsed = 00:00:16 . Memory (MB): peak = 1204.621 ; gain = 678.637
---------------------------------------------------------------------------------
---------------------------------------------------------------------------------
Start IO Insertion
---------------------------------------------------------------------------------
---------------------------------------------------------------------------------
Start Flattening Before IO Insertion
---------------------------------------------------------------------------------
---------------------------------------------------------------------------------
Finished Flattening Before IO Insertion
---------------------------------------------------------------------------------
---------------------------------------------------------------------------------
Start Final Netlist Cleanup
---------------------------------------------------------------------------------
---------------------------------------------------------------------------------
Finished Final Netlist Cleanup
---------------------------------------------------------------------------------
---------------------------------------------------------------------------------
Finished IO Insertion : Time (s): cpu = 00:00:10 ; elapsed = 00:00:21 . Memory (MB): peak = 1204.621 ; gain = 678.637
---------------------------------------------------------------------------------
---------------------------------------------------------------------------------
Start Renaming Generated Instances
---------------------------------------------------------------------------------
---------------------------------------------------------------------------------
Finished Renaming Generated Instances : Time (s): cpu = 00:00:10 ; elapsed = 00:00:21 . Memory (MB): peak = 1204.621 ; gain = 678.637
---------------------------------------------------------------------------------
---------------------------------------------------------------------------------
Start Rebuilding User Hierarchy
---------------------------------------------------------------------------------
---------------------------------------------------------------------------------
Finished Rebuilding User Hierarchy : Time (s): cpu = 00:00:10 ; elapsed = 00:00:21 . Memory (MB): peak = 1204.621 ; gain = 678.637
---------------------------------------------------------------------------------
---------------------------------------------------------------------------------
Start Renaming Generated Ports
---------------------------------------------------------------------------------
---------------------------------------------------------------------------------
Finished Renaming Generated Ports : Time (s): cpu = 00:00:10 ; elapsed = 00:00:21 . Memory (MB): peak = 1204.621 ; gain = 678.637
---------------------------------------------------------------------------------
---------------------------------------------------------------------------------
Start Handling Custom Attributes
---------------------------------------------------------------------------------
---------------------------------------------------------------------------------
Finished Handling Custom Attributes : Time (s): cpu = 00:00:10 ; elapsed = 00:00:21 . Memory (MB): peak = 1204.621 ; gain = 678.637
---------------------------------------------------------------------------------
---------------------------------------------------------------------------------
Start Renaming Generated Nets
---------------------------------------------------------------------------------
---------------------------------------------------------------------------------
Finished Renaming Generated Nets : Time (s): cpu = 00:00:10 ; elapsed = 00:00:21 . Memory (MB): peak = 1204.621 ; gain = 678.637
---------------------------------------------------------------------------------
---------------------------------------------------------------------------------
Start Writing Synthesis Report
---------------------------------------------------------------------------------

Report BlackBoxes: 
+-+--------------+----------+
| |BlackBox name |Instances |
+-+--------------+----------+
+-+--------------+----------+

Report Cell Usage: 
+------+-----+------+
|      |Cell |Count |
+------+-----+------+
|1     |BUFG |     1|
|2     |LUT2 |     4|
|3     |LUT3 |     3|
|4     |LUT4 |     4|
|5     |LUT5 |     1|
|6     |FDRE |     8|
|7     |FDSE |     1|
|8     |IBUF |     4|
|9     |OBUF |     5|
+------+-----+------+

Report Instance Areas: 
+------+---------+-------+------+
|      |Instance |Module |Cells |
+------+---------+-------+------+
|1     |top      |       |    31|
+------+---------+-------+------+
---------------------------------------------------------------------------------
Finished Writing Synthesis Report : Time (s): cpu = 00:00:10 ; elapsed = 00:00:21 . Memory (MB): peak = 1204.621 ; gain = 678.637
---------------------------------------------------------------------------------
Synthesis finished with 0 errors, 0 critical warnings and 1 warnings.
Synthesis Optimization Runtime : Time (s): cpu = 00:00:10 ; elapsed = 00:00:21 . Memory (MB): peak = 1204.621 ; gain = 678.637
Synthesis Optimization Complete : Time (s): cpu = 00:00:10 ; elapsed = 00:00:21 . Memory (MB): peak = 1204.621 ; gain = 678.637
INFO: [Project 1-571] Translating synthesized netlist
Netlist sorting complete. Time (s): cpu = 00:00:00 ; elapsed = 00:00:00.001 . Memory (MB): peak = 1215.559 ; gain = 0.000
INFO: [Project 1-570] Preparing netlist for logic optimization
INFO: [Opt 31-138] Pushed 0 inverter(s) to 0 load pin(s).
Netlist sorting complete. Time (s): cpu = 00:00:00 ; elapsed = 00:00:00.001 . Memory (MB): peak = 1305.906 ; gain = 0.000
INFO: [Project 1-111] Unisim Transformation Summary:
No Unisim elements were transformed.

Synth Design complete | Checksum: d96eaf4c
INFO: [Common 17-83] Releasing license: Synthesis
18 Infos, 1 Warnings, 0 Critical Warnings and 0 Errors encountered.
synth_design completed successfully
synth_design: Time (s): cpu = 00:00:12 ; elapsed = 00:00:23 . Memory (MB): peak = 1305.906 ; gain = 786.449
INFO: [Common 17-1381] The checkpoint 'C:/Users/ladyc/Desktop/ASDI/VIVADO-PROJECTS/Riconoscitore di Sequenza/Riconoscitore di Sequenza.runs/synth_1/RICONOSCITORE_DI_SEQ.dcp' has been generated.
INFO: [runtcl-4] Executing : report_utilization -file RICONOSCITORE_DI_SEQ_utilization_synth.rpt -pb RICONOSCITORE_DI_SEQ_utilization_synth.pb
INFO: [Common 17-206] Exiting Vivado at Wed Nov 27 12:04:00 2024...
